c:\users\pc\desktop\stl常用算法2_26\stl常用算法2_26\debug\vc142.pdb
c:\users\pc\desktop\stl常用算法2_26\stl常用算法2_26\debug\vc142.idb
c:\users\pc\desktop\stl常用算法2_26\stl常用算法2_26\debug\常用排序算法—sort.obj
c:\users\pc\desktop\stl常用算法2_26\stl常用算法2_26\debug\常用排序算法—random_shuffle.obj
c:\users\pc\desktop\stl常用算法2_26\stl常用算法2_26\debug\常用排序算法—merge.obj
c:\users\pc\desktop\stl常用算法2_26\stl常用算法2_26\debug\常用排序算法—reverse.obj
c:\users\pc\desktop\stl常用算法2_26\stl常用算法2_26\debug\常用拷贝和替换算法—copy.obj
c:\users\pc\desktop\stl常用算法2_26\stl常用算法2_26\debug\常用拷贝和替换算法—replace.obj
c:\users\pc\desktop\stl常用算法2_26\stl常用算法2_26\debug\常用拷贝和替换算法—replace_if.obj
c:\users\pc\desktop\stl常用算法2_26\stl常用算法2_26\debug\常用拷贝和替换算法—swap.obj
c:\users\pc\desktop\stl常用算法2_26\stl常用算法2_26\debug\常用算术生成算法—accumulate.obj
c:\users\pc\desktop\stl常用算法2_26\stl常用算法2_26\debug\常用算术生成算法—fill.obj
c:\users\pc\desktop\stl常用算法2_26\stl常用算法2_26\debug\常用集合算法—set_union.obj
c:\users\pc\desktop\stl常用算法2_26\stl常用算法2_26\debug\常用集合算法—set_intersection.obj
c:\users\pc\desktop\stl常用算法2_26\debug\stl常用算法2_26.exe
c:\users\pc\desktop\stl常用算法2_26\debug\stl常用算法2_26.ilk
c:\users\pc\desktop\stl常用算法2_26\debug\stl常用算法2_26.pdb
c:\users\pc\desktop\stl常用算法2_26\stl常用算法2_26\debug\stl常用算法2_26.tlog\cl.command.1.tlog
c:\users\pc\desktop\stl常用算法2_26\stl常用算法2_26\debug\stl常用算法2_26.tlog\cl.read.1.tlog
c:\users\pc\desktop\stl常用算法2_26\stl常用算法2_26\debug\stl常用算法2_26.tlog\cl.write.1.tlog
c:\users\pc\desktop\stl常用算法2_26\stl常用算法2_26\debug\stl常用算法2_26.tlog\link.command.1.tlog
c:\users\pc\desktop\stl常用算法2_26\stl常用算法2_26\debug\stl常用算法2_26.tlog\link.read.1.tlog
c:\users\pc\desktop\stl常用算法2_26\stl常用算法2_26\debug\stl常用算法2_26.tlog\link.write.1.tlog
